<?xml version="1.0" encoding="UTF-8"?>
<!-- Generated by org.testng.reporters.JUnitReportReporter -->
<testsuite name="org.testing.Gp3" tests="1" time="0.016" ignored="6" failures="0" timestamp="17 Nov 2021 19:06:01 GMT" skipped="0" hostname="diva" errors="0">
  <testcase name="sprint" time="0.016" classname="org.testing.Gp3"/>
  <testcase name="jump" classname="org.testing.Gp3">
    <skipped/>
  </testcase> <!-- jump -->
  <testcase name="run" classname="org.testing.Gp3">
    <skipped/>
  </testcase> <!-- run -->
  <testcase name="footbal" classname="org.testing.Gp2">
    <skipped/>
  </testcase> <!-- footbal -->
  <testcase name="cricket" classname="org.testing.Gp2">
    <skipped/>
  </testcase> <!-- cricket -->
  <testcase name="gunshoot" classname="org.testing.Gp1">
    <skipped/>
  </testcase> <!-- gunshoot -->
  <testcase name="javthrow" classname="org.testing.Gp1">
    <skipped/>
  </testcase> <!-- javthrow -->
</testsuite> <!-- org.testing.Gp3 -->
