<?xml version="1.0" encoding="UTF-8"?>
<!-- Generated by org.testng.reporters.JUnitReportReporter -->
<testsuite name="org.testing.Task2" tests="8" time="0.030" ignored="1" failures="0" timestamp="22 Nov 2021 17:25:23 GMT" skipped="0" hostname="diva" errors="0">
  <testcase name="T13" time="0.002" classname="org.testing.Task2"/>
  <testcase name="T13" time="0.001" classname="org.testing.Task2"/>
  <testcase name="T13" time="0.013" classname="org.testing.Task2"/>
  <testcase name="T13" time="0.002" classname="org.testing.Task2"/>
  <testcase name="T13" time="0.003" classname="org.testing.Task2"/>
  <testcase name="T13" time="0.001" classname="org.testing.Task2"/>
  <testcase name="T11" time="0.003" classname="org.testing.Task2"/>
  <testcase name="T13" time="0.005" classname="org.testing.Task2"/>
  <testcase name="T12" classname="org.testing.Task2">
    <skipped/>
  </testcase> <!-- T12 -->
</testsuite> <!-- org.testing.Task2 -->
