<?xml version="1.0" encoding="UTF-8"?>
<!-- Generated by org.testng.reporters.JUnitReportReporter -->
<testsuite name="org.testing.DataPdr" tests="6" time="32.143" ignored="0" failures="0" timestamp="17 Nov 2021 20:18:45 GMT" skipped="0" hostname="diva" errors="0">
  <testcase name="fbLog" time="4.223" classname="org.testing.DataPdr"/>
  <testcase name="fbLog" time="12.173" classname="org.testing.DataPdr"/>
  <testcase name="fbLog" time="4.923" classname="org.testing.DataPdr"/>
  <testcase name="tc2" time="0.013" classname="org.testing.DataPdr"/>
  <testcase name="fbLog" time="9.563" classname="org.testing.DataPdr"/>
  <testcase name="t1" time="1.248" classname="org.testing.DataPdr"/>
</testsuite> <!-- org.testing.DataPdr -->
