<?xml version="1.0" encoding="UTF-8"?>
<!-- Generated by org.testng.reporters.JUnitReportReporter -->
<testsuite name="org.testing.ParaSample" tests="1" time="13.320" ignored="0" failures="0" timestamp="17 Nov 2021 19:39:50 GMT" skipped="0" hostname="diva" errors="0">
  <testcase name="fbLog" time="13.320" classname="org.testing.ParaSample"/>
</testsuite> <!-- org.testing.ParaSample -->
