<?xml version="1.0" encoding="UTF-8"?>
<!-- Generated by org.testng.reporters.JUnitReportReporter -->
<testsuite name="org.testing.TestNg" tests="9" time="71.600" ignored="1" failures="0" timestamp="16 Nov 2021 18:49:25 GMT" skipped="0" hostname="diva" errors="0">
  <testcase name="fbLogg" time="6.877" classname="org.testing.TestNg"/>
  <testcase name="fbLogg" time="6.826" classname="org.testing.TestNg"/>
  <testcase name="fbLogg" time="6.960" classname="org.testing.TestNg"/>
  <testcase name="fbLogg" time="6.469" classname="org.testing.TestNg"/>
  <testcase name="fbLogg" time="17.988" classname="org.testing.TestNg"/>
  <testcase name="fbLogg" time="7.241" classname="org.testing.TestNg"/>
  <testcase name="fbLog1" time="6.406" classname="org.testing.TestNg"/>
  <testcase name="fbLog2" time="6.071" classname="org.testing.TestNg"/>
  <testcase name="fbLog" time="6.762" classname="org.testing.TestNg"/>
  <testcase name="fbLog3" classname="org.testing.TestNg">
    <skipped/>
  </testcase> <!-- fbLog3 -->
</testsuite> <!-- org.testing.TestNg -->
