<?xml version="1.0" encoding="UTF-8"?>
<!-- Generated by org.testng.reporters.JUnitReportReporter -->
<testsuite name="org.testing.parallelTest" tests="3" time="148.012" ignored="0" failures="0" timestamp="23 Nov 2021 18:19:47 GMT" skipped="0" hostname="diva" errors="0">
  <testcase name="facebook" time="16.547" classname="org.testing.parallelTest"/>
  <testcase name="facebook" time="35.811" classname="org.testing.parallelTest"/>
  <testcase name="facebook" time="95.654" classname="org.testing.parallelTest"/>
</testsuite> <!-- org.testing.parallelTest -->
